Using pre-set license
Built from '2020.2/release' branch; Version is '2020.2.2f1 (068178b99f32) revision 426360'; Using compiler version '192528614'; Build Type 'Release'
OS: 'Windows 10 Home Single Language; OS build 19041.746; Version 2004; 64bit' Language: 'es' Physical Memory: 8034 MB
BatchMode: 1, IsHumanControllingUs: 0, StartBugReporterOnCrash: 0, Is64bit: 1, IsPro: 0

 COMMAND LINE ARGUMENTS:
C:\Program Files\Unity\Editor\Unity.exe
-adb2
-batchMode
-noUpm
-name
AssetImportWorker0
-projectPath
C:/Users/nelf_/Desktop/10Steps/gamejam21/gamejam4
-logFile
Logs/AssetImportWorker0.log
-srvPort
58886
Successfully changed project path to: C:/Users/nelf_/Desktop/10Steps/gamejam21/gamejam4
C:/Users/nelf_/Desktop/10Steps/gamejam21/gamejam4
Using Asset Import Pipeline V2.
Refreshing native plugins compatible for Editor in 35.87 ms, found 1 plugins.
Preloading 0 native plugins for Editor in 0.00 ms.
Initialize engine version: 2020.2.2f1 (068178b99f32)
[Subsystems] Discovering subsystems at path C:/Program Files/Unity/Editor/Data/Resources/UnitySubsystems
[Subsystems] Discovering subsystems at path C:/Users/nelf_/Desktop/10Steps/gamejam21/gamejam4/Assets
GfxDevice: creating device client; threaded=0
Direct3D:
    Version:  Direct3D 11.0 [level 11.1]
    Renderer: NVIDIA GeForce GTX 1050 (ID=0x1c8d)
    Vendor:   
    VRAM:     4029 MB
    Driver:   23.21.13.8873
Initialize mono
Mono path[0] = 'C:/Program Files/Unity/Editor/Data/Managed'
Mono path[1] = 'C:/Program Files/Unity/Editor/Data/MonoBleedingEdge/lib/mono/unityjit'
Mono config path = 'C:/Program Files/Unity/Editor/Data/MonoBleedingEdge/etc'
Using monoOptions --debugger-agent=transport=dt_socket,embedding=1,server=y,suspend=n,address=127.0.0.1:56096
Begin MonoManager ReloadAssembly
Registering precompiled unity dll's ...
Register platform support module: C:/Program Files/Unity/Editor/Data/PlaybackEngines/WindowsStandaloneSupport/UnityEditor.WindowsStandalone.Extensions.dll
Registered in 0.001924 seconds.
Native extension for WindowsStandalone target not found
Refreshing native plugins compatible for Editor in 33.62 ms, found 1 plugins.
Preloading 0 native plugins for Editor in 0.00 ms.
Invoked RoslynAnalysisRunner static constructor.
RoslynAnalysisRunner will not be running.
RoslynAnalysisRunner has terminated.
Mono: successfully reloaded assembly
- Completed reload, in  1.029 seconds
Platform modules already initialized, skipping
Registering precompiled user dll's ...
Registered in 0.000982 seconds.
Begin MonoManager ReloadAssembly
Native extension for WindowsStandalone target not found
Refreshing native plugins compatible for Editor in 34.54 ms, found 1 plugins.
Preloading 0 native plugins for Editor in 0.00 ms.
Invoked RoslynAnalysisRunner static constructor.
RoslynAnalysisRunner will not be running.
RoslynAnalysisRunner has terminated.
Mono: successfully reloaded assembly
- Completed reload, in  0.878 seconds
Platform modules already initialized, skipping
========================================================================
Worker process is ready to serve import requests
Launched and connected shader compiler UnityShaderCompiler.exe after 0.07 seconds
Refreshing native plugins compatible for Editor in 0.32 ms, found 1 plugins.
Preloading 0 native plugins for Editor in 0.00 ms.
Unloading 1793 Unused Serialized files (Serialized files now loaded: 0)
System memory in use before: 84.1 MB.
System memory in use after: 84.1 MB.

Unloading 24 unused Assets to reduce memory usage. Loaded Objects now: 2234.
Total: 2.091800 ms (FindLiveObjects: 0.237500 ms CreateObjectMapping: 0.138200 ms MarkObjects: 1.598100 ms  DeleteObjects: 0.117100 ms)

========================================================================
Received Import Request.
  path: Assets/Scenes/SampleScene.unity
  artifactKey: Guid(2cda990e2423bbf4892e6590ba056729) Importer(815301076,1909f56bfc062723c751e8b465ee728b)
Start importing Assets/Scenes/SampleScene.unity using Guid(2cda990e2423bbf4892e6590ba056729) Importer(815301076,1909f56bfc062723c751e8b465ee728b)  -> (artifact id: '799b6818a02c03fde7eca1cc3d158070') in 0.010937 seconds
  Import took 0.013770 seconds .

========================================================================
Received Import Request.
  Time since last request: 37.167686 seconds.
  path: Assets/PlayerMovement.cs
  artifactKey: Guid(552317b3bcbd2b14985aacd4894b05e4) Importer(815301076,1909f56bfc062723c751e8b465ee728b)
Start importing Assets/PlayerMovement.cs using Guid(552317b3bcbd2b14985aacd4894b05e4) Importer(815301076,1909f56bfc062723c751e8b465ee728b)  -> (artifact id: '581751d20b40912812efde61f9ccb99c') in 0.031220 seconds
  Import took 0.034118 seconds .

========================================================================
Received Import Request.
  Time since last request: 20.093654 seconds.
  path: Assets/MAPA FINAL Boceto.png
  artifactKey: Guid(ad4f3367e5c26dc48aef86f2a1f6ef3f) Importer(815301076,1909f56bfc062723c751e8b465ee728b)
Start importing Assets/MAPA FINAL Boceto.png using Guid(ad4f3367e5c26dc48aef86f2a1f6ef3f) Importer(815301076,1909f56bfc062723c751e8b465ee728b)  -> (artifact id: '427755ad170e3f3702b651f7ca5c5074') in 0.124891 seconds
  Import took 0.128269 seconds .

========================================================================
Received Import Request.
  Time since last request: 143.028034 seconds.
  path: Assets/Scenes
  artifactKey: Guid(1c9e9e6e538f2f04fa617ab09a3039a0) Importer(815301076,1909f56bfc062723c751e8b465ee728b)
Start importing Assets/Scenes using Guid(1c9e9e6e538f2f04fa617ab09a3039a0) Importer(815301076,1909f56bfc062723c751e8b465ee728b)  -> (artifact id: 'a31b3c9cd71a74bf246545cddd418362') in 0.002306 seconds
  Import took 0.006718 seconds .

========================================================================
Received Import Request.
  Time since last request: 2.040774 seconds.
  path: Assets/Animation
  artifactKey: Guid(eb219e82d4cbfc947893c6df342b9ea1) Importer(815301076,1909f56bfc062723c751e8b465ee728b)
Start importing Assets/Animation using Guid(eb219e82d4cbfc947893c6df342b9ea1) Importer(815301076,1909f56bfc062723c751e8b465ee728b)  -> (artifact id: '848d59ca9b05a84564be585682d3e153') in 0.002404 seconds
  Import took 0.006524 seconds .

========================================================================
Received Import Request.
  Time since last request: 11.093412 seconds.
  path: Assets/Bomb.png
  artifactKey: Guid(832bb7e776c8fef4fbf721b504d8ad61) Importer(815301076,1909f56bfc062723c751e8b465ee728b)
Start importing Assets/Bomb.png using Guid(832bb7e776c8fef4fbf721b504d8ad61) Importer(815301076,1909f56bfc062723c751e8b465ee728b)  -> (artifact id: 'ac4dc7a1aa2875ec552d97a744111233') in 0.019950 seconds
  Import took 0.025739 seconds .

========================================================================
Received Import Request.
  Time since last request: 0.000817 seconds.
  path: Assets/Bomb.png
  artifactKey: Guid(832bb7e776c8fef4fbf721b504d8ad61) Importer(815301076,1909f56bfc062723c751e8b465ee728b)
Start importing Assets/Bomb.png using Guid(832bb7e776c8fef4fbf721b504d8ad61) Importer(815301076,1909f56bfc062723c751e8b465ee728b)  -> (artifact id: 'ac4dc7a1aa2875ec552d97a744111233') in 0.013182 seconds
  Import took 0.017671 seconds .

========================================================================
Received Import Request.
  Time since last request: 186.171107 seconds.
  path: Assets/arbol.png
  artifactKey: Guid(917817deb8681174b97226d630901cd3) Importer(815301076,1909f56bfc062723c751e8b465ee728b)
Start importing Assets/arbol.png using Guid(917817deb8681174b97226d630901cd3) Importer(815301076,1909f56bfc062723c751e8b465ee728b)  -> (artifact id: 'f85de585f4dd7996c8eceade9f5e65b4') in 0.012748 seconds
  Import took 0.015970 seconds .

========================================================================
Received Prepare
Registering precompiled user dll's ...
Registered in 0.001106 seconds.
Begin MonoManager ReloadAssembly
Native extension for WindowsStandalone target not found
Refreshing native plugins compatible for Editor in 0.32 ms, found 1 plugins.
Preloading 0 native plugins for Editor in 0.00 ms.
Invoked RoslynAnalysisRunner static constructor.
RoslynAnalysisRunner will not be running.
RoslynAnalysisRunner has terminated.
Mono: successfully reloaded assembly
- Completed reload, in  0.983 seconds
Platform modules already initialized, skipping
Refreshing native plugins compatible for Editor in 0.35 ms, found 1 plugins.
Preloading 0 native plugins for Editor in 0.00 ms.
Unloading 1788 Unused Serialized files (Serialized files now loaded: 0)
System memory in use before: 87.3 MB.
System memory in use after: 87.3 MB.

Unloading 12 unused Assets to reduce memory usage. Loaded Objects now: 2245.
Total: 2.075600 ms (FindLiveObjects: 0.214700 ms CreateObjectMapping: 0.068200 ms MarkObjects: 1.699100 ms  DeleteObjects: 0.092500 ms)

========================================================================
Received Import Request.
  Time since last request: 207.542286 seconds.
  path: Assets/Animation/Player_idle.anim
  artifactKey: Guid(47cab73995a802d489eaae31275db15a) Importer(815301076,1909f56bfc062723c751e8b465ee728b)
Start importing Assets/Animation/Player_idle.anim using Guid(47cab73995a802d489eaae31275db15a) Importer(815301076,1909f56bfc062723c751e8b465ee728b)  -> (artifact id: 'f6463174c3c09a3508be5d8c78bc3793') in 0.015737 seconds
  Import took 0.018859 seconds .

========================================================================
Received Import Request.
  Time since last request: 0.103263 seconds.
  path: Assets/Animation/Player_idle.anim
  artifactKey: Guid(47cab73995a802d489eaae31275db15a) Importer(815301076,1909f56bfc062723c751e8b465ee728b)
Start importing Assets/Animation/Player_idle.anim using Guid(47cab73995a802d489eaae31275db15a) Importer(815301076,1909f56bfc062723c751e8b465ee728b)  -> (artifact id: 'f6463174c3c09a3508be5d8c78bc3793') in 0.002205 seconds
  Import took 0.005775 seconds .

========================================================================
Received Import Request.
  Time since last request: 10.693256 seconds.
  path: Assets/Animation/Player_walk_left.anim
  artifactKey: Guid(99e346ca3ed24e644bb1be1e879d484f) Importer(815301076,1909f56bfc062723c751e8b465ee728b)
Start importing Assets/Animation/Player_walk_left.anim using Guid(99e346ca3ed24e644bb1be1e879d484f) Importer(815301076,1909f56bfc062723c751e8b465ee728b)  -> (artifact id: '7a50b7d0b47e3988091d1089713d91ac') in 0.002471 seconds
  Import took 0.005564 seconds .

========================================================================
Received Import Request.
  Time since last request: 1.308580 seconds.
  path: Assets/Animation/image1_0.controller
  artifactKey: Guid(2ceefef31a620164c8a115eb6496a027) Importer(815301076,1909f56bfc062723c751e8b465ee728b)
Start importing Assets/Animation/image1_0.controller using Guid(2ceefef31a620164c8a115eb6496a027) Importer(815301076,1909f56bfc062723c751e8b465ee728b)  -> (artifact id: 'f3a0a61769e0f8c02908d817647fb786') in 0.006554 seconds
  Import took 0.011234 seconds .

========================================================================
Received Prepare
Registering precompiled user dll's ...
Registered in 0.000983 seconds.
Begin MonoManager ReloadAssembly
Native extension for WindowsStandalone target not found
Refreshing native plugins compatible for Editor in 0.33 ms, found 1 plugins.
Preloading 0 native plugins for Editor in 0.00 ms.
Invoked RoslynAnalysisRunner static constructor.
RoslynAnalysisRunner will not be running.
RoslynAnalysisRunner has terminated.
Mono: successfully reloaded assembly
- Completed reload, in  0.822 seconds
Platform modules already initialized, skipping
Refreshing native plugins compatible for Editor in 0.32 ms, found 1 plugins.
Preloading 0 native plugins for Editor in 0.00 ms.
Unloading 1788 Unused Serialized files (Serialized files now loaded: 0)
System memory in use before: 87.4 MB.
System memory in use after: 87.4 MB.

Unloading 12 unused Assets to reduce memory usage. Loaded Objects now: 2248.
Total: 2.210100 ms (FindLiveObjects: 0.228100 ms CreateObjectMapping: 0.085700 ms MarkObjects: 1.788100 ms  DeleteObjects: 0.106300 ms)

========================================================================
Received Import Request.
  Time since last request: 47.741683 seconds.
  path: Assets/fuse01.png
  artifactKey: Guid(688825f6b954f504bbdfcd6cb1af6bfb) Importer(815301076,1909f56bfc062723c751e8b465ee728b)
Start importing Assets/fuse01.png using Guid(688825f6b954f504bbdfcd6cb1af6bfb) Importer(815301076,1909f56bfc062723c751e8b465ee728b)  -> (artifact id: '69b7aadfdee05f772906bfa64a267f00') in 0.048820 seconds
  Import took 0.051747 seconds .

========================================================================
Received Import Request.
  Time since last request: 8.263798 seconds.
  path: Assets/fuse02.png
  artifactKey: Guid(26dbd1b57404ac849875c269229428c0) Importer(815301076,1909f56bfc062723c751e8b465ee728b)
Start importing Assets/fuse02.png using Guid(26dbd1b57404ac849875c269229428c0) Importer(815301076,1909f56bfc062723c751e8b465ee728b)  -> (artifact id: 'c933e463aada958b5a6cde8df90329db') in 0.009769 seconds
  Import took 0.016178 seconds .

AssetImportWorkerClient::OnTransportError - code=2 error=End of file
